Arguments: 
  /home/davidcosta/.nvm/versions/node/v12.14.1/bin/node /usr/share/yarn/bin/yarn.js test

PATH: 
  /home/davidcosta/.nvm/versions/node/v12.14.1/bin:/usr/local/sbin:/usr/local/bin:/usr/sbin:/usr/bin:/sbin:/bin:/usr/games:/usr/local/games

Yarn version: 
  1.21.1

Node version: 
  12.14.1

Platform: 
  linux x64

Trace: 
  SyntaxError: /home/davidcosta/workplace/exercise-ioasys/package.json: Unexpected token } in JSON at position 504
      at JSON.parse (<anonymous>)
      at /usr/share/yarn/lib/cli.js:1625:59
      at Generator.next (<anonymous>)
      at step (/usr/share/yarn/lib/cli.js:310:30)
      at /usr/share/yarn/lib/cli.js:321:13

npm manifest: 
  {
    "name": "exercise-ioasys",
    "version": "1.0.0",
    "description": "exercise ioasys",
    "main": "src/main.js",
    "author": "David Costa <davidcostadev@gmail.com>",
    "license": "MIT",
    "private": true,
    "scripts": {
      "dev": "env-cmd nodemon src/main",
      "start": "env-cmd node src/main",
      "jest": "jest",
      "sequelize": "env-cmd sequelize",
      "db:create": "env-cmd sequelize db:create",
      "db:migrate": "env-cmd sequelize db:migrate",
      "db:seed": "env-cmd sequelize db:seed:all",
    },
    "devDependencies": {
      "env-cmd": "^10.1.0",
      "faker": "^4.1.0",
      "jest": "^25.1.0",
      "nodemon": "^2.0.2"
    },
    "dependencies": {
      "bcrypt": "^3.0.8",
      "express": "^4.17.1",
      "pg": "^7.18.2",
      "sequelize": "^5.21.5",
      "sequelize-cli": "^5.5.1"
    }
  }

yarn manifest: 
  No manifest

Lockfile: 
  No lockfile
